﻿ADB# showRunningConfigScript 
interface
    mobileModem
    exit
    dsl Line1
        add atm EoA Link1
        atm Link1
            pvc 8/48
            encapsulation LLC
            oamPing disable
            multiQueue enable
            serviceClass UBR
            pcr 0
            mbs 0
            scr 0
            pvcSearchList clear
            enable
            add ethLink Link2
            ethLink Link2
                promiscuousMode disable
                prioTag disable
                add ppp Interface1
                ppp Interface1
                    idleDisconnectTime 0
                    user enable
                    username fprod-13@INetvision
                    password 827456
                    encryption set None
                    authentication set Auto
                    maxMruSize 1500
                    connectionTrigger AlwaysOn
                    passThrough disable
                    no passThrough pool
                    ipv6cp disable
                    payloadCompCodeSize 0
                    addrReqMask disable
                    ip WAN_DSL
                        dhcpRelay
                        exit
                        mtu auto
                        ipv6 enable
                        ula disable
                        defaultRoute disable
                        dnsOverride disable
                        proxyArp disable
                        connectionType set Iptv
                        ipv6Nd
                            routerSolicit enable
                            routerSolicitInt 4
                            maxRouterSolicit 3
                            disable
                        exit
                        disable
                        setPermissions 333
                    exit
                    disable
                exit
                enable
                add vlan VideoVLAN_ADSL
                vlan VideoVLAN_ADSL
                    vlanID 701
                    prio -1
                    ip Video_ADSL
                        dhcpRelay
                        exit
                        mtu auto
                        ipv6 disable
                        ula disable
                        defaultRoute disable
                        dnsOverride disable
                        proxyArp disable
                        connectionType set Generic
                        ipv6Nd
                            routerSolicit enable
                            routerSolicitInt 4
                            maxRouterSolicit 3
                            disable
                        exit
                        enable
                        setPermissions 333
                        add ipv4StaticAddr 10.10.10.10/24 IPv4Address1
                        ipv4StaticAddr IPv4Address1
                            address 10.10.10.10/24
                            enable
                        exit
                    exit
                    enable
                exit
            exit
            setPermissions 333
        exit
        disable
        phy
            bitswap enable
            sra disable
            trellis enable
            targetSnr 0
            g992Dtf disable
            no v43
            no attndrFramingConstraints
            no noG994AvdslToggle
            no alignAfterPeriodics
            no dynamicV43Handling
            ginp 3
            annexMode A
            dslStandards clear
            hwBasedQos enable
            vdslProfiles clear
            dynamicD enable
            dynamicF enable
        exit
        ptm Link1
            enable
            add ethLink Link3
            ethLink Link3
                promiscuousMode disable
                prioTag disable
                add ppp Interface2
                ppp Interface2
                    idleDisconnectTime 0
                    user enable
                    username fprod-13@INetvision
                    password 827456
                    encryption set None
                    authentication set Auto
                    maxMruSize 1500
                    connectionTrigger AlwaysOn
                    passThrough disable
                    no passThrough pool
                    ipv6cp disable
                    payloadCompCodeSize 0
                    addrReqMask disable
                    ip WAN_DSL
                        dhcpRelay
                        exit
                        mtu auto
                        ipv6 enable
                        ula disable
                        defaultRoute disable
                        dnsOverride disable
                        proxyArp disable
                        connectionType set Iptv
                        ipv6Nd
                            routerSolicit enable
                            routerSolicitInt 4
                            maxRouterSolicit 3
                            disable
                        exit
                        disable
                        setPermissions 333
                    exit
                    disable
                exit
                enable
                add vlan VideoVLAN_VDSL
                vlan VideoVLAN_VDSL
                    vlanID 701
                    prio -1
                    ip Video_VDSL
                        dhcpRelay
                        exit
                        mtu auto
                        ipv6 disable
                        ula disable
                        defaultRoute disable
                        dnsOverride disable
                        proxyArp disable
                        connectionType set Generic
                        ipv6Nd
                            routerSolicit enable
                            routerSolicitInt 4
                            maxRouterSolicit 3
                            disable
                        exit
                        enable
                        setPermissions 333
                        add ipv4StaticAddr 10.10.10.10/24 IPv4Address1
                        ipv4StaticAddr IPv4Address1
                            address 10.10.10.10/24
                            enable
                        exit
                    exit
                    enable
                exit
            exit
        exit
    exit
    usbCdc Interface1
        add modem Interface1
        modem Interface1
            enable
            add ethLink Link6
            ethLink Link6
                promiscuousMode disable
                prioTag disable
                ip WAN_USB
                    dhcpRelay
                    exit
                    mtu auto
                    ipv6 enable
                    ula disable
                    defaultRoute disable
                    dnsOverride disable
                    proxyArp disable
                    connectionType set Iptv
                    ipv6Nd
                        routerSolicit enable
                        routerSolicitInt 4
                        maxRouterSolicit 3
                        disable
                    exit
                    disable
                    setPermissions 333
                    dhcpv4Client Client2
                        passThrough disable
                        opt121Routes enable
                        no passThrough pool
                        add option requested 1 ReqOption1
                        add option requested 3 ReqOption2
                        add option requested 6 ReqOption3
                        option requested 1
                            tag 1
                            passThrough disable
                            no passThrough pool
                            enable
                        exit
                        option requested 3
                            tag 3
                            passThrough disable
                            no passThrough pool
                            enable
                        exit
                        option requested 6
                            tag 6
                            passThrough disable
                            no passThrough pool
                            enable
                        exit
                        enable
                    exit
                exit
                enable
            exit
            add ppp PPP_USB
            ppp PPP_USB
                idleDisconnectTime 0
                autoDisconnectTime 0
                user enable
                no username
                no password
                encryption set None
                authentication set Auto
                maxMruSize 1500
                connectionTrigger AlwaysOn
                passThrough disable
                no passThrough pool
                ipv6cp disable
                payloadCompCodeSize 0
                addrReqMask disable
                ip WAN_USB
                    dhcpRelay
                    exit
                    mtu auto
                    ipv6 enable
                    ula disable
                    defaultRoute disable
                    dnsOverride disable
                    proxyArp disable
                    connectionType set Iptv
                    ipv6Nd
                        routerSolicit enable
                        routerSolicitInt 4
                        maxRouterSolicit 3
                        disable
                    exit
                    disable
                    setPermissions 333
                    dhcpv4Client Client2
                        passThrough disable
                        opt121Routes enable
                        no passThrough pool
                        add option requested 1 ReqOption1
                        add option requested 3 ReqOption2
                        add option requested 6 ReqOption3
                        option requested 1
                            tag 1
                            passThrough disable
                            no passThrough pool
                            enable
                        exit
                        option requested 3
                            tag 3
                            passThrough disable
                            no passThrough pool
                            enable
                        exit
                        option requested 6
                            tag 6
                            passThrough disable
                            no passThrough pool
                            enable
                        exit
                        enable
                    exit
                exit
                disable
            exit
        exit
        disable
    exit
    wifi "Wi-Fi Radio 1"
        band 2.4GHz
        unii1Only disable
        standard set b,g,n
        channel 13
        autoChannel disable
        autoChannelRefresh 86400
        channelBand Auto
        extChannel Auto
        guardInterval Auto
        mcs -1
        txPower -1
        80211h disable
        regDomain "IL "
        11gProtection enable
        11nGreenfield enable
        wmm enable
        wmmNoAck disable
        rxStbc disable
        txStbc enable
        ampdu enable
        airtimeFairness disable
        basicTxRates set 1,2,5.5,11
        opTxRates set 1,2,5.5,11,6,9,12,18,24,36,48,54
        chanMeasurement duration 500
        interferenceOverride 3
        powerManagement
            rxSingleChain disable
            txPowerSave disable
        exit
        longRetryLimit 4
        shortRetryLimit 7
        ssid SSID1
            enable
            ssidName "CellcomFiber_2.4"
            ssidBcast enable
            multiToUni enable
            apIsolation disable
            wifiSegregation disable
            hwQos disable
            macFilter mode None
            macFilter clear
            maxAssociations 0
            wmm enable
            uapsd enable
            security
                mode WPA2-Personal
                encryptionMode AES
                keyPassphrase mike90210
                rekeyInterval 3600
                mfpMode Disabled
                wps disable
                wpsMode set PushButton,PIN
                wpsConfState Configured
            exit
            accounting
                disable
                interimInterval 0
            exit
            setPermissions 333
        exit
        enable
    exit
    wifi "Wi-Fi Radio 2"
        band 5GHz
        unii1Only disable
        standard set a,n,ac
        autoChannel enable
        autoChannelRefresh 86400
        channelBand Auto
        extChannel Auto
        guardInterval Auto
        mcs -1
        txPower -1
        80211h enable
        regDomain "IL "
        11gProtection enable
        11nGreenfield enable
        wmm enable
        wmmNoAck enable
        rxStbc disable
        txStbc enable
        ampdu enable
        airtimeFairness disable
        basicTxRates set 6,12,24
        opTxRates set 6,9,12,18,24,36,48,54
        chanMeasurement duration 500
        interferenceOverride auto
        powerManagement
            rxSingleChain disable
            txPowerSave disable
        exit
        longRetryLimit 4
        shortRetryLimit 7
        ssid "WiFi-2 (5GHz)"
            enable
            ssidName "CellcomFiber_5"
            ssidBcast enable
            multiToUni enable
            apIsolation enable
            wifiSegregation disable
            hwQos disable
            macFilter mode None
            macFilter clear
            maxAssociations 0
            wmm enable
            uapsd enable
            security
                mode WPA2-Personal
                encryptionMode AES
                keyPassphrase mike90210
                rekeyInterval 3600
                mfpMode Disabled
                wps disable
                wpsMode set PushButton,PIN
                wpsConfState Configured
            exit
            accounting
                disable
                interimInterval 0
            exit
            setPermissions 333
        exit
        enable
    exit
    ethWan Interface5
        rateAndMode 1000 Auto
        energySave disable
        hwQoS enable
        enable
        add ethLink Link4
        ethLink Link4
            promiscuousMode disable
            prioTag disable
            ip WAN_ETH
                dhcpRelay
                exit
                mtu auto
                ipv6 enable
                ula disable
                defaultRoute disable
                dnsOverride disable
                proxyArp disable
                connectionType set Iptv
                ipv6Nd
                    routerSolicit enable
                    routerSolicitInt 4
                    maxRouterSolicit 3
                    enable
                exit
                disable
                setPermissions 333
                dhcpv4Client Client1
                    passThrough disable
                    opt121Routes enable
                    no passThrough pool
                    add option requested 1 ReqOption1
                    add option requested 3 ReqOption2
                    add option requested 6 ReqOption3
                    option requested 1
                        tag 1
                        passThrough disable
                        no passThrough pool
                        enable
                    exit
                    option requested 3
                        tag 3
                        passThrough disable
                        no passThrough pool
                        enable
                    exit
                    option requested 6
                        tag 6
                        passThrough disable
                        no passThrough pool
                        enable
                    exit
                    enable
                exit
                dhcpv6Client Client2
                    requestA enable
                    requestPD enable
                    rapidCommit disable
                    automode disable
                    no lifetime preferred
                    no lifetime valid
                    option requested set 23,24,242,243
                    enable
                exit
            exit
            add ppp WAN_ETH_PPPoE
            ppp WAN_ETH_PPPoE
                idleDisconnectTime 0
                user enable
                username cl1613765@INetvision
                password 8j8fxju
                encryption set None
                authentication set Auto
                maxMruSize 1500
                connectionTrigger AlwaysOn
                passThrough disable
                no passThrough pool
                ipv6cp disable
                payloadCompCodeSize 0
                addrReqMask disable
                no acName
                no serviceName
                ip WAN_ETH_PPPoE
                    dhcpRelay
                    exit
                    mtu auto
                    ipv6 enable
                    ula disable
                    defaultRoute enable
                    dnsOverride disable
                    proxyArp disable
                    connectionType set Iptv
                    ipv6Nd
                        routerSolicit enable
                        routerSolicitInt 4
                        maxRouterSolicit 3
                        enable
                    exit
                    enable
                    setPermissions 333
                    dhcpv6Client Client1
                        requestA enable
                        requestPD disable
                        rapidCommit disable
                        automode enable
                        no lifetime preferred
                        no lifetime valid
                        option requested set 1,3,6
                        disable
                    exit
                exit
                enable
            exit
            enable
            add vlan VideoVLAN_WETH
            vlan VideoVLAN_WETH
                vlanID 701
                prio -1
                ip Video_WETH
                    dhcpRelay
                    exit
                    mtu auto
                    ipv6 disable
                    ula disable
                    defaultRoute disable
                    dnsOverride disable
                    proxyArp disable
                    connectionType set Generic
                    ipv6Nd
                        routerSolicit enable
                        routerSolicitInt 4
                        maxRouterSolicit 3
                        disable
                    exit
                    enable
                    setPermissions 333
                    add ipv4StaticAddr 10.10.10.10/24 IPv4Address1
                    ipv4StaticAddr IPv4Address1
                        address 10.10.10.10/24
                        enable
                    exit
                exit
                enable
            exit
        exit
    exit
    ethLan Interface1
        rateAndMode Auto
        energySave disable
        hwQoS disable
        enable
    exit
    ethLan Interface2
        rateAndMode Auto
        energySave disable
        hwQoS disable
        enable
    exit
    ethLan Interface3
        rateAndMode Auto
        energySave disable
        hwQoS disable
        enable
    exit
    ethLan Interface4
        rateAndMode Auto
        energySave disable
        hwQoS disable
        enable
    exit
exit
bridging
    add bridge Bridge1
    bridge Bridge1
        std 802.1D
        add port "Ethernet.Interface1" Port2
        add port "Ethernet.Interface2" Port3
        add port "Ethernet.Interface3" Port4
        add port "Ethernet.Interface4" Port5
        add port "WiFi.SSID1" Port6
        add port "WiFi.WiFi-2 (5GHz)" Port7
        port Port2
            name eth0
            defaultVlanID 1
            vlanIsolation disable
            enable
        exit
        port Port3
            name eth1
            defaultVlanID 1
            vlanIsolation disable
            enable
        exit
        port Port4
            name eth2
            defaultVlanID 1
            vlanIsolation disable
            enable
        exit
        port Port5
            name eth3
            defaultVlanID 1
            vlanIsolation disable
            enable
        exit
        port Port6
            name wl1
            defaultVlanID 1
            vlanIsolation disable
            enable
        exit
        port Port7
            name wl0
            defaultVlanID 1
            vlanIsolation disable
            enable
        exit
        mngPortAlias Port1
        mngPortVlanIsolation disable
        enable
        lanRouting enable
        mcastIsolation disable
        setPermissions 333
        ip Interface1
            dhcpRelay
            exit
            dhcpv4Server
                add pool "First Pool"
                pool "First Pool"
                    clientRange 10.100.102.2 10.100.102.254 255.255.255.0
                    reservedAddr clear
                    dnsServers set 10.100.102.1
                    no domainName
                    routerAddr set 10.100.102.1
                    leaseInfinite
                    useStaticAddrAsFilter disable
                    noAutoConfig disable
                    ClientsLimitedByHosts disable
                    probe method "ARP Request"
                    probe delay 1000
                    add staticAddr WDMyCloud
                    staticAddr WDMyCloud
                        chaddr 00:14:ee:0c:49:c2
                        ipaddr 10.100.102.250
                        enable
                    exit
                    order 1
                    no vendorClassId
                    no clientId
                    no chaddr
                    no userClassId
                    enable
                exit
            exit
            ipv6Ra
                mFlag 1
                oFlag 1
                hFlag 1
                pFlag 0
                maxAdvInterval 600
                minAdvInterval 200
                advLifetime 1800
                advReachableTime 0
                advRetransTimer 0
                advMtu 0
                routerPreference Medium
                advHopLimit 64
                prefix clear
                enable
            exit
            dhcpv6Server
            exit
            mtu auto
            ipv6 enable
            ula disable
            defaultRoute disable
            dnsOverride disable
            proxyArp disable
            connectionType set Lan
            ipv6Nd
                routerSolicit enable
                routerSolicitInt 4
                maxRouterSolicit 3
                enable
            exit
            enable
            setPermissions 333
            add ipv4StaticAddr 10.100.102.1/24 IPv4Address1
            ipv4StaticAddr IPv4Address1
                address 10.100.102.1/24
                enable
            exit
            dhcpv6Client Client3
                requestA enable
                requestPD disable
                rapidCommit disable
                automode enable
                no lifetime preferred
                no lifetime valid
                option requested set 1,3,6
                disable
            exit
        exit
    exit
exit
management
    tr069Agent
        acl enable
        acs url https://pacs2.013net.net:443/dps/TR069
        acs username acsuser
        acs password acspwd
        periodicInform enable
        periodicInformInterval 86400
        periodicInformTime 2019-10-29T09:50:16Z
        periodicInformInterface WAN_ETH_PPPoE
! ASSERT gui_read_only
ASSERT in running-config.c:553
Aborted
ADB# 
